<?xml version="1.0" encoding="UTF-8"?>
<!-- Generated by org.testng.reporters.JUnitXMLReporter -->
<testsuite ignored="2" hostname="USE2DEVP0044" failures="1" tests="1" name="Page Object Model" time="7.914" errors="0" timestamp="26 Aug 2020 11:43:39 GMT">
  <testcase classname="co.aravindh.tests.FbLoginTest" name="init" time="7.883">
    <failure type="org.openqa.selenium.InvalidSelectorException" message="invalid selector: Unable to locate an element with the xpath expression /html[1]/body[1]/div[1]/div[1]/div[1]/div[1]/div[2]/div[4]/div[2]/div[1]/div[2]/div[1]/div[1]/div[1]/div[1]/div[1]/div[1]/div[1]/div[1]/div[1]/div[1]/div[1]/div[1]/div[3]/div[1]/div[5]/div[1]/div[1]/div[2]/div[1]/div[1]/div[1]/div[1]/span[1]] because of the following error:
SyntaxError: Failed to execute &amp;apos;evaluate&amp;apos; on &amp;apos;Document&amp;apos;: The string &amp;apos;/html[1]/body[1]/div[1]/div[1]/div[1]/div[1]/div[2]/div[4]/div[2]/div[1]/div[2]/div[1]/div[1]/div[1]/div[1]/div[1]/div[1]/div[1]/div[1]/div[1]/div[1]/div[1]/div[1]/div[3]/div[1]/div[5]/div[1]/div[1]/div[2]/div[1]/div[1]/div[1]/div[1]/span[1]]&amp;apos; is not a valid XPath expression.
  (Session info: chrome=84.0.4147.135)
For documentation on this error, please visit: https://www.seleniumhq.org/exceptions/invalid_selector_exception.html
Build info: version: &amp;apos;3.141.59&amp;apos;, revision: &amp;apos;e82be7d358&amp;apos;, time: &amp;apos;2018-11-14T08:25:48&amp;apos;
System info: host: &amp;apos;USE2DEVP0044&amp;apos;, ip: &amp;apos;10.177.134.66&amp;apos;, os.name: &amp;apos;Windows 10&amp;apos;, os.arch: &amp;apos;amd64&amp;apos;, os.version: &amp;apos;10.0&amp;apos;, java.version: &amp;apos;14.0.2&amp;apos;
Driver info: org.openqa.selenium.chrome.ChromeDriver
Capabilities {acceptInsecureCerts: false, browserName: chrome, browserVersion: 84.0.4147.135, chrome: {chromedriverVersion: 84.0.4147.30 (48b3e868b4cc0..., userDataDir: C:\Users\X009091\AppData\Lo...}, goog:chromeOptions: {debuggerAddress: localhost:54466}, javascriptEnabled: true, networkConnectionEnabled: false, pageLoadStrategy: normal, platform: WINDOWS, platformName: WINDOWS, proxy: Proxy(), setWindowRect: true, strictFileInteractability: false, timeouts: {implicit: 0, pageLoad: 300000, script: 30000}, unhandledPromptBehavior: dismiss and notify, webauthn:virtualAuthenticators: true}
Session ID: cd6a8a0396caf3314f9517f60a1051e2
*** Element info: {Using=xpath, value=/html[1]/body[1]/div[1]/div[1]/div[1]/div[1]/div[2]/div[4]/div[2]/div[1]/div[2]/div[1]/div[1]/div[1]/div[1]/div[1]/div[1]/div[1]/div[1]/div[1]/div[1]/div[1]/div[1]/div[3]/div[1]/div[5]/div[1]/div[1]/div[2]/div[1]/div[1]/div[1]/div[1]/span[1]]}">
      <![CDATA[org.openqa.selenium.InvalidSelectorException: invalid selector: Unable to locate an element with the xpath expression /html[1]/body[1]/div[1]/div[1]/div[1]/div[1]/div[2]/div[4]/div[2]/div[1]/div[2]/div[1]/div[1]/div[1]/div[1]/div[1]/div[1]/div[1]/div[1]/div[1]/div[1]/div[1]/div[1]/div[3]/div[1]/div[5]/div[1]/div[1]/div[2]/div[1]/div[1]/div[1]/div[1]/span[1]] because of the following error:
SyntaxError: Failed to execute 'evaluate' on 'Document': The string '/html[1]/body[1]/div[1]/div[1]/div[1]/div[1]/div[2]/div[4]/div[2]/div[1]/div[2]/div[1]/div[1]/div[1]/div[1]/div[1]/div[1]/div[1]/div[1]/div[1]/div[1]/div[1]/div[1]/div[3]/div[1]/div[5]/div[1]/div[1]/div[2]/div[1]/div[1]/div[1]/div[1]/span[1]]' is not a valid XPath expression.
  (Session info: chrome=84.0.4147.135)
For documentation on this error, please visit: https://www.seleniumhq.org/exceptions/invalid_selector_exception.html
Build info: version: '3.141.59', revision: 'e82be7d358', time: '2018-11-14T08:25:48'
System info: host: 'USE2DEVP0044', ip: '10.177.134.66', os.name: 'Windows 10', os.arch: 'amd64', os.version: '10.0', java.version: '14.0.2'
Driver info: org.openqa.selenium.chrome.ChromeDriver
Capabilities {acceptInsecureCerts: false, browserName: chrome, browserVersion: 84.0.4147.135, chrome: {chromedriverVersion: 84.0.4147.30 (48b3e868b4cc0..., userDataDir: C:\Users\X009091\AppData\Lo...}, goog:chromeOptions: {debuggerAddress: localhost:54466}, javascriptEnabled: true, networkConnectionEnabled: false, pageLoadStrategy: normal, platform: WINDOWS, platformName: WINDOWS, proxy: Proxy(), setWindowRect: true, strictFileInteractability: false, timeouts: {implicit: 0, pageLoad: 300000, script: 30000}, unhandledPromptBehavior: dismiss and notify, webauthn:virtualAuthenticators: true}
Session ID: cd6a8a0396caf3314f9517f60a1051e2
*** Element info: {Using=xpath, value=/html[1]/body[1]/div[1]/div[1]/div[1]/div[1]/div[2]/div[4]/div[2]/div[1]/div[2]/div[1]/div[1]/div[1]/div[1]/div[1]/div[1]/div[1]/div[1]/div[1]/div[1]/div[1]/div[1]/div[3]/div[1]/div[5]/div[1]/div[1]/div[2]/div[1]/div[1]/div[1]/div[1]/span[1]]}
at org.openqa.selenium.remote.http.W3CHttpResponseCodec.createException(W3CHttpResponseCodec.java:187)
at org.openqa.selenium.remote.http.W3CHttpResponseCodec.decode(W3CHttpResponseCodec.java:122)
at org.openqa.selenium.remote.http.W3CHttpResponseCodec.decode(W3CHttpResponseCodec.java:49)
at org.openqa.selenium.remote.HttpCommandExecutor.execute(HttpCommandExecutor.java:158)
at org.openqa.selenium.remote.service.DriverCommandExecutor.execute(DriverCommandExecutor.java:83)
at org.openqa.selenium.remote.RemoteWebDriver.execute(RemoteWebDriver.java:552)
at org.openqa.selenium.remote.RemoteWebDriver.findElement(RemoteWebDriver.java:323)
at org.openqa.selenium.remote.RemoteWebDriver.findElementByXPath(RemoteWebDriver.java:428)
at org.openqa.selenium.By$ByXPath.findElement(By.java:353)
at org.openqa.selenium.remote.RemoteWebDriver.findElement(RemoteWebDriver.java:315)
at org.openqa.selenium.support.pagefactory.DefaultElementLocator.findElement(DefaultElementLocator.java:69)
at org.openqa.selenium.support.pagefactory.internal.LocatingElementHandler.invoke(LocatingElementHandler.java:38)
at com.sun.proxy.$Proxy12.click(Unknown Source)
at co.aravindh.pages.FbHomePage.clickLogout(FbHomePage.java:24)
at co.aravindh.tests.FbLoginTest.init(FbLoginTest.java:22)
... Removed 30 stack frames]]>
    </failure>
  </testcase> <!-- init -->
  <testcase classname="co.aravindh.tests.TestBase" name="@BeforeSuite initialize" time="0.0">
    <ignored/>
  </testcase> <!-- @BeforeSuite initialize -->
  <testcase classname="co.aravindh.tests.TestBase" name="@AfterSuite closingDriver" time="0.0">
    <ignored/>
  </testcase> <!-- @AfterSuite closingDriver -->
</testsuite> <!-- Page Object Model -->
